  [1m[35m (245.0ms)[0m  [1m[35mCREATE DATABASE "URLShortener_development" ENCODING = 'unicode'[0m
  [1m[35m (148.4ms)[0m  [1m[35mCREATE DATABASE "URLShortener_test" ENCODING = 'unicode'[0m
  [1m[35m (11.2ms)[0m  [1m[35mCREATE TABLE "schema_migrations" ("version" character varying NOT NULL PRIMARY KEY)[0m
  [1m[35m (44.9ms)[0m  [1m[35mCREATE TABLE "ar_internal_metadata" ("key" character varying NOT NULL PRIMARY KEY, "value" character varying, "created_at" timestamp(6) NOT NULL, "updated_at" timestamp(6) NOT NULL)[0m
  [1m[35m (0.3ms)[0m  [1m[34mSELECT pg_try_advisory_lock(4762635147840476445)[0m
  [1m[36mActiveRecord::SchemaMigration Pluck (0.8ms)[0m  [1m[34mSELECT "schema_migrations"."version" FROM "schema_migrations" ORDER BY "schema_migrations"."version" ASC[0m
Migrating to CreateUsers (20230622231915)
  [1m[36mTRANSACTION (0.2ms)[0m  [1m[35mBEGIN[0m
  [1m[35m (31.0ms)[0m  [1m[35mCREATE TABLE "users" ("id" bigserial primary key, "email" character varying NOT NULL, "created_at" timestamp(6) NOT NULL, "updated_at" timestamp(6) NOT NULL)[0m
  [1m[35m (1.1ms)[0m  [1m[35mCREATE UNIQUE INDEX "index_users_on_email" ON "users" ("email")[0m
  [1m[36mActiveRecord::SchemaMigration Create (0.8ms)[0m  [1m[32mINSERT INTO "schema_migrations" ("version") VALUES ($1) RETURNING "version"[0m  [["version", "20230622231915"]]
  [1m[36mTRANSACTION (40.1ms)[0m  [1m[35mCOMMIT[0m
  [1m[36mActiveRecord::InternalMetadata Load (0.4ms)[0m  [1m[34mSELECT "ar_internal_metadata".* FROM "ar_internal_metadata" WHERE "ar_internal_metadata"."key" = $1 LIMIT $2[0m  [["key", "environment"], ["LIMIT", 1]]
  [1m[36mTRANSACTION (0.2ms)[0m  [1m[35mBEGIN[0m
  [1m[36mActiveRecord::InternalMetadata Create (0.9ms)[0m  [1m[32mINSERT INTO "ar_internal_metadata" ("key", "value", "created_at", "updated_at") VALUES ($1, $2, $3, $4) RETURNING "key"[0m  [["key", "environment"], ["value", "development"], ["created_at", "2023-06-22 23:27:30.966546"], ["updated_at", "2023-06-22 23:27:30.966546"]]
  [1m[36mTRANSACTION (40.3ms)[0m  [1m[35mCOMMIT[0m
  [1m[35m (0.3ms)[0m  [1m[34mSELECT pg_advisory_unlock(4762635147840476445)[0m
  [1m[36mActiveRecord::SchemaMigration Pluck (1.0ms)[0m  [1m[34mSELECT "schema_migrations"."version" FROM "schema_migrations" ORDER BY "schema_migrations"."version" ASC[0m
  [1m[36mActiveRecord::SchemaMigration Pluck (1.0ms)[0m  [1m[34mSELECT "schema_migrations"."version" FROM "schema_migrations" ORDER BY "schema_migrations"."version" ASC[0m
  [1m[36mActiveRecord::SchemaMigration Pluck (1.0ms)[0m  [1m[34mSELECT "schema_migrations"."version" FROM "schema_migrations" ORDER BY "schema_migrations"."version" ASC[0m
  [1m[36mTRANSACTION (0.3ms)[0m  [1m[35mBEGIN[0m
  [1m[36mUser Exists? (1.3ms)[0m  [1m[34mSELECT 1 AS one FROM "users" WHERE "users"."email" = $1 LIMIT $2[0m  [["email", "hello@gmail.com"], ["LIMIT", 1]]
  [1m[36mUser Create (1.5ms)[0m  [1m[32mINSERT INTO "users" ("email", "created_at", "updated_at") VALUES ($1, $2, $3) RETURNING "id"[0m  [["email", "hello@gmail.com"], ["created_at", "2023-06-22 23:33:42.346238"], ["updated_at", "2023-06-22 23:33:42.346238"]]
  [1m[36mTRANSACTION (7.7ms)[0m  [1m[35mCOMMIT[0m
  [1m[36mTRANSACTION (0.1ms)[0m  [1m[35mBEGIN[0m
  [1m[36mUser Exists? (0.5ms)[0m  [1m[34mSELECT 1 AS one FROM "users" WHERE "users"."email" = $1 LIMIT $2[0m  [["email", "hello@gmail.com"], ["LIMIT", 1]]
  [1m[36mTRANSACTION (7.2ms)[0m  [1m[31mROLLBACK[0m
  [1m[36mActiveRecord::SchemaMigration Pluck (0.7ms)[0m  [1m[34mSELECT "schema_migrations"."version" FROM "schema_migrations" ORDER BY "schema_migrations"."version" ASC[0m
  [1m[35m (0.3ms)[0m  [1m[34mSELECT pg_try_advisory_lock(4762635147840476445)[0m
  [1m[36mActiveRecord::SchemaMigration Pluck (1.2ms)[0m  [1m[34mSELECT "schema_migrations"."version" FROM "schema_migrations" ORDER BY "schema_migrations"."version" ASC[0m
Migrating to CreateShortUrls (20230622233803)
  [1m[36mTRANSACTION (0.5ms)[0m  [1m[35mBEGIN[0m
  [1m[35m (49.9ms)[0m  [1m[35mCREATE TABLE "short_urls" ("id" bigserial primary key, "long_url" character varying NOT NULL, "short_url" character varying NOT NULL, "submitter_user_id" integer NOT NULL, "created_at" timestamp(6) NOT NULL, "updated_at" timestamp(6) NOT NULL)[0m
  [1m[35m (2.0ms)[0m  [1m[35mCREATE INDEX "index_short_urls_on_submitter_user_id" ON "short_urls" ("submitter_user_id")[0m
  [1m[35m (3.4ms)[0m  [1m[35mCREATE UNIQUE INDEX "index_short_urls_on_short_url" ON "short_urls" ("short_url")[0m
  [1m[36mActiveRecord::SchemaMigration Create (1.0ms)[0m  [1m[32mINSERT INTO "schema_migrations" ("version") VALUES ($1) RETURNING "version"[0m  [["version", "20230622233803"]]
  [1m[36mTRANSACTION (5.7ms)[0m  [1m[35mCOMMIT[0m
  [1m[36mActiveRecord::InternalMetadata Load (0.8ms)[0m  [1m[34mSELECT "ar_internal_metadata".* FROM "ar_internal_metadata" WHERE "ar_internal_metadata"."key" = $1 LIMIT $2[0m  [["key", "environment"], ["LIMIT", 1]]
  [1m[35m (0.7ms)[0m  [1m[34mSELECT pg_advisory_unlock(4762635147840476445)[0m
  [1m[36mActiveRecord::SchemaMigration Pluck (1.3ms)[0m  [1m[34mSELECT "schema_migrations"."version" FROM "schema_migrations" ORDER BY "schema_migrations"."version" ASC[0m
  [1m[36mActiveRecord::SchemaMigration Pluck (1.2ms)[0m  [1m[34mSELECT "schema_migrations"."version" FROM "schema_migrations" ORDER BY "schema_migrations"."version" ASC[0m
  [1m[36mActiveRecord::SchemaMigration Pluck (1.1ms)[0m  [1m[34mSELECT "schema_migrations"."version" FROM "schema_migrations" ORDER BY "schema_migrations"."version" ASC[0m
  [1m[35m (0.2ms)[0m  [1m[34mSELECT pg_try_advisory_lock(4762635147840476445)[0m
  [1m[36mActiveRecord::SchemaMigration Pluck (1.1ms)[0m  [1m[34mSELECT "schema_migrations"."version" FROM "schema_migrations" ORDER BY "schema_migrations"."version" ASC[0m
  [1m[36mActiveRecord::InternalMetadata Load (0.5ms)[0m  [1m[34mSELECT "ar_internal_metadata".* FROM "ar_internal_metadata" WHERE "ar_internal_metadata"."key" = $1 LIMIT $2[0m  [["key", "environment"], ["LIMIT", 1]]
  [1m[35m (0.4ms)[0m  [1m[34mSELECT pg_advisory_unlock(4762635147840476445)[0m
  [1m[36mActiveRecord::SchemaMigration Pluck (0.7ms)[0m  [1m[34mSELECT "schema_migrations"."version" FROM "schema_migrations" ORDER BY "schema_migrations"."version" ASC[0m
  [1m[36mActiveRecord::SchemaMigration Pluck (1.4ms)[0m  [1m[34mSELECT "schema_migrations"."version" FROM "schema_migrations" ORDER BY "schema_migrations"."version" ASC[0m
  [1m[36mTRANSACTION (0.2ms)[0m  [1m[35mBEGIN[0m
  [1m[36mShortUrl Exists? (8.6ms)[0m  [1m[34mSELECT 1 AS one FROM "short_urls" WHERE "short_urls"."short_url" = $1 LIMIT $2[0m  [["short_url", "jshfk"], ["LIMIT", 1]]
  [1m[36mShortUrl Exists? (0.4ms)[0m  [1m[34mSELECT 1 AS one FROM "short_urls" WHERE "short_urls"."submitter_user_id" = $1 LIMIT $2[0m  [["submitter_user_id", 1], ["LIMIT", 1]]
  [1m[36mShortUrl Create (1.5ms)[0m  [1m[32mINSERT INTO "short_urls" ("long_url", "short_url", "submitter_user_id", "created_at", "updated_at") VALUES ($1, $2, $3, $4, $5) RETURNING "id"[0m  [["long_url", "jskhfjkshfsjkdfhsjkshdfljhsdkjhsfkhjf"], ["short_url", "jshfk"], ["submitter_user_id", 1], ["created_at", "2023-06-23 00:00:21.588636"], ["updated_at", "2023-06-23 00:00:21.588636"]]
  [1m[36mTRANSACTION (0.9ms)[0m  [1m[35mCOMMIT[0m
  [1m[36mShortUrl Load (0.4ms)[0m  [1m[34mSELECT "short_urls".* FROM "short_urls"[0m
  [1m[36mShortUrl Exists? (0.4ms)[0m  [1m[34mSELECT 1 AS one FROM "short_urls" WHERE "short_urls"."short_url" = $1 LIMIT $2[0m  [["short_url", "test"], ["LIMIT", 1]]
  [1m[36mShortUrl Exists? (0.4ms)[0m  [1m[34mSELECT 1 AS one FROM "short_urls" WHERE "short_urls"."short_url" = $1 LIMIT $2[0m  [["short_url", "test"], ["LIMIT", 1]]
  [1m[36mShortUrl Exists? (0.6ms)[0m  [1m[34mSELECT 1 AS one FROM "short_urls" WHERE "short_urls"."short_url" = $1 LIMIT $2[0m  [["short_url", "sfssdf"], ["LIMIT", 1]]
  [1m[36mShortUrl Load (0.3ms)[0m  [1m[34mSELECT "short_urls".* FROM "short_urls"[0m
  [1m[36mShortUrl Exists? (6.6ms)[0m  [1m[34mSELECT 1 AS one FROM "short_urls" WHERE "short_urls"."short_url" = $1 LIMIT $2[0m  [["short_url", "jshfk"], ["LIMIT", 1]]
  [1m[36mShortUrl Exists? (1.2ms)[0m  [1m[34mSELECT 1 AS one FROM "short_urls" WHERE "short_urls"."short_url" = $1 LIMIT $2[0m  [["short_url", "JLOVz6MQF9W3p4fLIadUDQ"], ["LIMIT", 1]]
